This is pdfTeX, Version 3.141592653-2.6-1.40.22 (TeX Live 2021) (preloaded format=pdflatex 2022.3.12)  12 DEC 2024 22:35
entering extended mode
 restricted \write18 enabled.
 %&-line parsing enabled.
**example.tex
(./example.tex
LaTeX2e <2020-10-01> patch level 4
L3 programming layer <2021-02-18>
(/usr/local/texlive/2021/texmf-dist/tex/latex/base/article.cls
Document Class: article 2020/04/10 v1.4m Standard LaTeX document class
(/usr/local/texlive/2021/texmf-dist/tex/latex/base/size10.clo
File: size10.clo 2020/04/10 v1.4m Standard LaTeX file (size option)
)
\c@part=\count179
\c@section=\count180
\c@subsection=\count181
\c@subsubsection=\count182
\c@paragraph=\count183
\c@subparagraph=\count184
\c@figure=\count185
\c@table=\count186
\abovecaptionskip=\skip47
\belowcaptionskip=\skip48
\bibindent=\dimen138
)
(./corl_2023.sty
Package: corl_2023 2023/06/15 CORL2023 submission/preprint/camera-ready style f
ile

(/usr/local/texlive/2021/texmf-dist/tex/latex/lineno/lineno.sty
Package: lineno 2005/11/02 line numbers on paragraphs v4.41
\linenopenalty=\count187
\output=\toks15
\linenoprevgraf=\count188
\linenumbersep=\dimen139
\linenumberwidth=\dimen140
\c@linenumber=\count189
\c@pagewiselinenumber=\count190
\c@LN@truepage=\count191
\c@internallinenumber=\count192
\c@internallinenumbers=\count193
\quotelinenumbersep=\dimen141
\bframerule=\dimen142
\bframesep=\dimen143
\bframebox=\box47
LaTeX Info: Redefining \\ on input line 3056.
)
(/usr/local/texlive/2021/texmf-dist/tex/latex/graphics/color.sty
Package: color 2020/02/24 v1.2b Standard LaTeX Color (DPC)

(/usr/local/texlive/2021/texmf-dist/tex/latex/graphics-cfg/color.cfg
File: color.cfg 2016/01/02 v1.6 sample color configuration
)
Package color Info: Driver file: pdftex.def on input line 147.

(/usr/local/texlive/2021/texmf-dist/tex/latex/graphics-def/pdftex.def
File: pdftex.def 2020/10/05 v1.2a Graphics/color driver for pdftex
))
(/usr/local/texlive/2021/texmf-dist/tex/latex/natbib/natbib.sty
Package: natbib 2010/09/13 8.31b (PWD, AO)
\bibhang=\skip49
\bibsep=\skip50
LaTeX Info: Redefining \cite on input line 694.
\c@NAT@ctr=\count194
)
(/usr/local/texlive/2021/texmf-dist/tex/latex/hyperref/hyperref.sty
Package: hyperref 2021-02-27 v7.00k Hypertext links for LaTeX

(/usr/local/texlive/2021/texmf-dist/tex/generic/ltxcmds/ltxcmds.sty
Package: ltxcmds 2020-05-10 v1.25 LaTeX kernel commands for general use (HO)
)
(/usr/local/texlive/2021/texmf-dist/tex/generic/iftex/iftex.sty
Package: iftex 2020/03/06 v1.0d TeX engine tests
)
(/usr/local/texlive/2021/texmf-dist/tex/generic/pdftexcmds/pdftexcmds.sty
Package: pdftexcmds 2020-06-27 v0.33 Utility functions of pdfTeX for LuaTeX (HO
)

(/usr/local/texlive/2021/texmf-dist/tex/generic/infwarerr/infwarerr.sty
Package: infwarerr 2019/12/03 v1.5 Providing info/warning/error messages (HO)
)
Package pdftexcmds Info: \pdf@primitive is available.
Package pdftexcmds Info: \pdf@ifprimitive is available.
Package pdftexcmds Info: \pdfdraftmode found.
)
(/usr/local/texlive/2021/texmf-dist/tex/latex/graphics/keyval.sty
Package: keyval 2014/10/28 v1.15 key=value parser (DPC)
\KV@toks@=\toks16
)
(/usr/local/texlive/2021/texmf-dist/tex/generic/kvsetkeys/kvsetkeys.sty
Package: kvsetkeys 2019/12/15 v1.18 Key value parser (HO)
)
(/usr/local/texlive/2021/texmf-dist/tex/generic/kvdefinekeys/kvdefinekeys.sty
Package: kvdefinekeys 2019-12-19 v1.6 Define keys (HO)
)
(/usr/local/texlive/2021/texmf-dist/tex/generic/pdfescape/pdfescape.sty
Package: pdfescape 2019/12/09 v1.15 Implements pdfTeX's escape features (HO)
)
(/usr/local/texlive/2021/texmf-dist/tex/latex/hycolor/hycolor.sty
Package: hycolor 2020-01-27 v1.10 Color options for hyperref/bookmark (HO)
)
(/usr/local/texlive/2021/texmf-dist/tex/latex/letltxmacro/letltxmacro.sty
Package: letltxmacro 2019/12/03 v1.6 Let assignment for LaTeX macros (HO)
)
(/usr/local/texlive/2021/texmf-dist/tex/latex/auxhook/auxhook.sty
Package: auxhook 2019-12-17 v1.6 Hooks for auxiliary files (HO)
)
(/usr/local/texlive/2021/texmf-dist/tex/latex/kvoptions/kvoptions.sty
Package: kvoptions 2020-10-07 v3.14 Key value format for package options (HO)
)
\@linkdim=\dimen144
\Hy@linkcounter=\count195
\Hy@pagecounter=\count196

(/usr/local/texlive/2021/texmf-dist/tex/latex/hyperref/pd1enc.def
File: pd1enc.def 2021-02-27 v7.00k Hyperref: PDFDocEncoding definition (HO)
Now handling font encoding PD1 ...
... no UTF-8 mapping file for font encoding PD1
)
(/usr/local/texlive/2021/texmf-dist/tex/latex/hyperref/hyperref-langpatches.def
File: hyperref-langpatches.def 2021-02-27 v7.00k Hyperref: patches for babel la
nguages
) (/usr/local/texlive/2021/texmf-dist/tex/generic/intcalc/intcalc.sty
Package: intcalc 2019/12/15 v1.3 Expandable calculations with integers (HO)
)
(/usr/local/texlive/2021/texmf-dist/tex/generic/etexcmds/etexcmds.sty
Package: etexcmds 2019/12/15 v1.7 Avoid name clashes with e-TeX commands (HO)
)
\Hy@SavedSpaceFactor=\count197

(/usr/local/texlive/2021/texmf-dist/tex/latex/hyperref/puenc.def
File: puenc.def 2021-02-27 v7.00k Hyperref: PDF Unicode definition (HO)
Now handling font encoding PU ...
... no UTF-8 mapping file for font encoding PU
)
Package hyperref Info: Hyper figures OFF on input line 4192.
Package hyperref Info: Link nesting OFF on input line 4197.
Package hyperref Info: Hyper index ON on input line 4200.
Package hyperref Info: Plain pages OFF on input line 4207.
Package hyperref Info: Backreferencing OFF on input line 4212.
Package hyperref Info: Implicit mode ON; LaTeX internals redefined.
Package hyperref Info: Bookmarks ON on input line 4445.
\c@Hy@tempcnt=\count198

(/usr/local/texlive/2021/texmf-dist/tex/latex/url/url.sty
\Urlmuskip=\muskip16
Package: url 2013/09/16  ver 3.4  Verb mode for urls, etc.
)
LaTeX Info: Redefining \url on input line 4804.
\XeTeXLinkMargin=\dimen145

(/usr/local/texlive/2021/texmf-dist/tex/generic/bitset/bitset.sty
Package: bitset 2019/12/09 v1.3 Handle bit-vector datatype (HO)

(/usr/local/texlive/2021/texmf-dist/tex/generic/bigintcalc/bigintcalc.sty
Package: bigintcalc 2019/12/15 v1.5 Expandable calculations on big integers (HO
)
))
\Fld@menulength=\count199
\Field@Width=\dimen146
\Fld@charsize=\dimen147
Package hyperref Info: Hyper figures OFF on input line 6075.
Package hyperref Info: Link nesting OFF on input line 6080.
Package hyperref Info: Hyper index ON on input line 6083.
Package hyperref Info: backreferencing OFF on input line 6090.
Package hyperref Info: Link coloring OFF on input line 6095.
Package hyperref Info: Link coloring with OCG OFF on input line 6100.
Package hyperref Info: PDF/A mode OFF on input line 6105.
LaTeX Info: Redefining \ref on input line 6145.
LaTeX Info: Redefining \pageref on input line 6149.

(/usr/local/texlive/2021/texmf-dist/tex/latex/base/atbegshi-ltx.sty
Package: atbegshi-ltx 2020/08/17 v1.0a Emulation of the original atbegshi packa
ge
with kernel methods
)
\Hy@abspage=\count266
\c@Item=\count267
\c@Hfootnote=\count268
)
Package hyperref Info: Driver (autodetected): hpdftex.

(/usr/local/texlive/2021/texmf-dist/tex/latex/hyperref/hpdftex.def
File: hpdftex.def 2021-02-27 v7.00k Hyperref driver for pdfTeX

(/usr/local/texlive/2021/texmf-dist/tex/latex/base/atveryend-ltx.sty
Package: atveryend-ltx 2020/08/19 v1.0a Emulation of the original atvery packag
e
with kernel methods
)
\Fld@listcount=\count269
\c@bookmark@seq@number=\count270

(/usr/local/texlive/2021/texmf-dist/tex/latex/rerunfilecheck/rerunfilecheck.sty
Package: rerunfilecheck 2019/12/05 v1.9 Rerun checks for auxiliary files (HO)

(/usr/local/texlive/2021/texmf-dist/tex/generic/uniquecounter/uniquecounter.sty
Package: uniquecounter 2019/12/15 v1.4 Provide unlimited unique counter (HO)
)
Package uniquecounter Info: New unique counter `rerunfilecheck' on input line 2
86.
)
\Hy@SectionHShift=\skip51
) (/usr/local/texlive/2021/texmf-dist/tex/latex/geometry/geometry.sty
Package: geometry 2020/01/02 v5.9 Page Geometry

(/usr/local/texlive/2021/texmf-dist/tex/generic/iftex/ifvtex.sty
Package: ifvtex 2019/10/25 v1.7 ifvtex legacy package. Use iftex instead.
)
\Gm@cnth=\count271
\Gm@cntv=\count272
\c@Gm@tempcnt=\count273
\Gm@bindingoffset=\dimen148
\Gm@wd@mp=\dimen149
\Gm@odd@mp=\dimen150
\Gm@even@mp=\dimen151
\Gm@layoutwidth=\dimen152
\Gm@layoutheight=\dimen153
\Gm@layouthoffset=\dimen154
\Gm@layoutvoffset=\dimen155
\Gm@dimlist=\toks17
)
Package hyperref Info: Option `colorlinks' set `true' on input line 113.
\@nipsabovecaptionskip=\skip52
\@nipsbelowcaptionskip=\skip53
)
(/usr/local/texlive/2021/texmf-dist/tex/latex/graphics/graphicx.sty
Package: graphicx 2020/09/09 v1.2b Enhanced LaTeX Graphics (DPC,SPQR)

(/usr/local/texlive/2021/texmf-dist/tex/latex/graphics/graphics.sty
Package: graphics 2020/08/30 v1.4c Standard LaTeX Graphics (DPC,SPQR)

(/usr/local/texlive/2021/texmf-dist/tex/latex/graphics/trig.sty
Package: trig 2016/01/03 v1.10 sin cos tan (DPC)
)
(/usr/local/texlive/2021/texmf-dist/tex/latex/graphics-cfg/graphics.cfg
File: graphics.cfg 2016/06/04 v1.11 sample graphics configuration
)
Package graphics Info: Driver file: pdftex.def on input line 105.
)
\Gin@req@height=\dimen156
\Gin@req@width=\dimen157
)
(/usr/local/texlive/2021/texmf-dist/tex/latex/amsfonts/amssymb.sty
Package: amssymb 2013/01/14 v3.01 AMS font symbols

(/usr/local/texlive/2021/texmf-dist/tex/latex/amsfonts/amsfonts.sty
Package: amsfonts 2013/01/14 v3.01 Basic AMSFonts support
\@emptytoks=\toks18
\symAMSa=\mathgroup4
\symAMSb=\mathgroup5
LaTeX Font Info:    Redeclaring math symbol \hbar on input line 98.
LaTeX Font Info:    Overwriting math alphabet `\mathfrak' in version `bold'
(Font)                  U/euf/m/n --> U/euf/b/n on input line 106.
))
(/usr/local/texlive/2021/texmf-dist/tex/latex/amsmath/amsmath.sty
Package: amsmath 2020/09/23 v2.17i AMS math features
\@mathmargin=\skip54

For additional information on amsmath, use the `?' option.
(/usr/local/texlive/2021/texmf-dist/tex/latex/amsmath/amstext.sty
Package: amstext 2000/06/29 v2.01 AMS text

(/usr/local/texlive/2021/texmf-dist/tex/latex/amsmath/amsgen.sty
File: amsgen.sty 1999/11/30 v2.0 generic functions
\@emptytoks=\toks19
\ex@=\dimen158
))
(/usr/local/texlive/2021/texmf-dist/tex/latex/amsmath/amsbsy.sty
Package: amsbsy 1999/11/29 v1.2d Bold Symbols
\pmbraise@=\dimen159
)
(/usr/local/texlive/2021/texmf-dist/tex/latex/amsmath/amsopn.sty
Package: amsopn 2016/03/08 v2.02 operator names
)
\inf@bad=\count274
LaTeX Info: Redefining \frac on input line 234.
\uproot@=\count275
\leftroot@=\count276
LaTeX Info: Redefining \overline on input line 399.
\classnum@=\count277
\DOTSCASE@=\count278
LaTeX Info: Redefining \ldots on input line 496.
LaTeX Info: Redefining \dots on input line 499.
LaTeX Info: Redefining \cdots on input line 620.
\Mathstrutbox@=\box48
\strutbox@=\box49
\big@size=\dimen160
LaTeX Font Info:    Redeclaring font encoding OML on input line 743.
LaTeX Font Info:    Redeclaring font encoding OMS on input line 744.
\macc@depth=\count279
\c@MaxMatrixCols=\count280
\dotsspace@=\muskip17
\c@parentequation=\count281
\dspbrk@lvl=\count282
\tag@help=\toks20
\row@=\count283
\column@=\count284
\maxfields@=\count285
\andhelp@=\toks21
\eqnshift@=\dimen161
\alignsep@=\dimen162
\tagshift@=\dimen163
\tagwidth@=\dimen164
\totwidth@=\dimen165
\lineht@=\dimen166
\@envbody=\toks22
\multlinegap=\skip55
\multlinetaggap=\skip56
\mathdisplay@stack=\toks23
LaTeX Info: Redefining \[ on input line 2923.
LaTeX Info: Redefining \] on input line 2924.
)
(/usr/local/texlive/2021/texmf-dist/tex/latex/listings/listings.sty
\lst@mode=\count286
\lst@gtempboxa=\box50
\lst@token=\toks24
\lst@length=\count287
\lst@currlwidth=\dimen167
\lst@column=\count288
\lst@pos=\count289
\lst@lostspace=\dimen168
\lst@width=\dimen169
\lst@newlines=\count290
\lst@lineno=\count291
\lst@maxwidth=\dimen170

(/usr/local/texlive/2021/texmf-dist/tex/latex/listings/lstmisc.sty
File: lstmisc.sty 2020/03/24 1.8d (Carsten Heinz)
\c@lstnumber=\count292
\lst@skipnumbers=\count293
\lst@framebox=\box51
)
(/usr/local/texlive/2021/texmf-dist/tex/latex/listings/listings.cfg
File: listings.cfg 2020/03/24 1.8d listings configuration
))
Package: listings 2020/03/24 1.8d (Carsten Heinz)

(/usr/local/texlive/2021/texmf-dist/tex/latex/caption/subcaption.sty
Package: subcaption 2020/10/07 v1.3j Sub-captions (AR)

(/usr/local/texlive/2021/texmf-dist/tex/latex/caption/caption.sty
Package: caption 2020/10/26 v3.5g Customizing captions (AR)

(/usr/local/texlive/2021/texmf-dist/tex/latex/caption/caption3.sty
Package: caption3 2020/10/21 v2.2e caption3 kernel (AR)
\captionmargin=\dimen171
\captionmargin@=\dimen172
\captionwidth=\dimen173
\caption@tempdima=\dimen174
\caption@indent=\dimen175
\caption@parindent=\dimen176
\caption@hangindent=\dimen177
Package caption Info: Standard document class detected.
)
\c@caption@flags=\count294
\c@continuedfloat=\count295
Package caption Info: hyperref package is loaded.
Package caption Info: listings package is loaded.
)
\c@subfigure=\count296
\c@subtable=\count297
)
(/usr/local/texlive/2021/texmf-dist/tex/latex/base/latexsym.sty
Package: latexsym 1998/08/17 v2.2e Standard LaTeX package (lasy symbols)
\symlasy=\mathgroup6
LaTeX Font Info:    Overwriting symbol font `lasy' in version `bold'
(Font)                  U/lasy/m/n --> U/lasy/b/n on input line 52.
)
(/usr/local/texlive/2021/texmf-dist/tex/latex/amscls/amsthm.sty
Package: amsthm 2020/05/29 v2.20.6
\thm@style=\toks25
\thm@bodyfont=\toks26
\thm@headfont=\toks27
\thm@notefont=\toks28
\thm@headpunct=\toks29
\thm@preskip=\skip57
\thm@postskip=\skip58
\thm@headsep=\skip59
\dth@everypar=\toks30
)
LaTeX Font Info:    Trying to load font information for OT1+ptm on input line 6
2.

(/usr/local/texlive/2021/texmf-dist/tex/latex/psnfss/ot1ptm.fd
File: ot1ptm.fd 2001/06/04 font definitions for OT1/ptm.
)
(/usr/local/texlive/2021/texmf-dist/tex/latex/l3backend/l3backend-pdftex.def
File: l3backend-pdftex.def 2021-03-18 L3 backend support: PDF output (pdfTeX)
\l__color_backend_stack_int=\count298
\l__pdf_internal_box=\box52
)
(./example.aux

LaTeX Warning: Label `fig:plot1' multiply defined.

)
\openout1 = `example.aux'.

LaTeX Font Info:    Checking defaults for OML/cmm/m/it on input line 62.
LaTeX Font Info:    ... okay on input line 62.
LaTeX Font Info:    Checking defaults for OMS/cmsy/m/n on input line 62.
LaTeX Font Info:    ... okay on input line 62.
LaTeX Font Info:    Checking defaults for OT1/cmr/m/n on input line 62.
LaTeX Font Info:    ... okay on input line 62.
LaTeX Font Info:    Checking defaults for T1/cmr/m/n on input line 62.
LaTeX Font Info:    ... okay on input line 62.
LaTeX Font Info:    Checking defaults for TS1/cmr/m/n on input line 62.
LaTeX Font Info:    ... okay on input line 62.
LaTeX Font Info:    Checking defaults for OMX/cmex/m/n on input line 62.
LaTeX Font Info:    ... okay on input line 62.
LaTeX Font Info:    Checking defaults for U/cmr/m/n on input line 62.
LaTeX Font Info:    ... okay on input line 62.
LaTeX Font Info:    Checking defaults for PD1/pdf/m/n on input line 62.
LaTeX Font Info:    ... okay on input line 62.
LaTeX Font Info:    Checking defaults for PU/pdf/m/n on input line 62.
LaTeX Font Info:    ... okay on input line 62.
 (/usr/local/texlive/2021/texmf-dist/tex/context/base/mkii/supp-pdf.mkii
[Loading MPS to PDF converter (version 2006.09.02).]
\scratchcounter=\count299
\scratchdimen=\dimen178
\scratchbox=\box53
\nofMPsegments=\count300
\nofMParguments=\count301
\everyMPshowfont=\toks31
\MPscratchCnt=\count302
\MPscratchDim=\dimen179
\MPnumerator=\count303
\makeMPintoPDFobject=\count304
\everyMPtoPDFconversion=\toks32
) (/usr/local/texlive/2021/texmf-dist/tex/latex/epstopdf-pkg/epstopdf-base.sty
Package: epstopdf-base 2020-01-24 v2.11 Base part for package epstopdf
Package epstopdf-base Info: Redefining graphics rule for `.eps' on input line 4
85.

(/usr/local/texlive/2021/texmf-dist/tex/latex/latexconfig/epstopdf-sys.cfg
File: epstopdf-sys.cfg 2010/07/13 v1.3 Configuration of (r)epstopdf for TeX Liv
e
))
*geometry* verbose mode - [ newgeometry ] result:
* driver: 
* paper: letterpaper
* layout: <same size as paper>
* layoutoffset:(h,v)=(0.0pt,0.0pt)
* modes: 
* h-part:(L,W,R)=(108.405pt, 397.48499pt, 108.40501pt)
* v-part:(T,H,B)=(72.26999pt, 650.43pt, 72.27pt)
* \paperwidth=614.295pt
* \paperheight=794.96999pt
* \textwidth=397.48499pt
* \textheight=650.43pt
* \oddsidemargin=36.13501pt
* \evensidemargin=36.13501pt
* \topmargin=-37.0pt
* \headheight=12.0pt
* \headsep=25.0pt
* \topskip=10.0pt
* \footskip=30.0pt
* \marginparwidth=65.0pt
* \marginparsep=11.0pt
* \columnsep=10.0pt
* \skip\footins=9.0pt plus 4.0pt minus 2.0pt
* \hoffset=0.0pt
* \voffset=0.0pt
* \mag=1000
* \@twocolumnfalse
* \@twosidefalse
* \@mparswitchfalse
* \@reversemarginfalse
* (1in=72.27pt=25.4mm, 1cm=28.453pt)

Package hyperref Info: Link coloring ON on input line 62.
(/usr/local/texlive/2021/texmf-dist/tex/latex/hyperref/nameref.sty
Package: nameref 2021-04-02 v2.47 Cross-referencing by name of section

(/usr/local/texlive/2021/texmf-dist/tex/latex/refcount/refcount.sty
Package: refcount 2019/12/15 v3.6 Data extraction from label references (HO)
)
(/usr/local/texlive/2021/texmf-dist/tex/generic/gettitlestring/gettitlestring.s
ty
Package: gettitlestring 2019/12/15 v1.6 Cleanup title references (HO)
)
\c@section@level=\count305
)
LaTeX Info: Redefining \ref on input line 62.
LaTeX Info: Redefining \pageref on input line 62.
LaTeX Info: Redefining \nameref on input line 62.
 (./example.out) (./example.out)
\@outlinefile=\write3
\openout3 = `example.out'.


*geometry* driver: auto-detecting
*geometry* detected driver: pdftex
*geometry* verbose mode - [ preamble ] result:
* driver: pdftex
* paper: letterpaper
* layout: <same size as paper>
* layoutoffset:(h,v)=(0.0pt,0.0pt)
* modes: 
* h-part:(L,W,R)=(108.405pt, 397.48499pt, 108.40501pt)
* v-part:(T,H,B)=(72.26999pt, 650.43pt, 72.27pt)
* \paperwidth=614.295pt
* \paperheight=794.96999pt
* \textwidth=397.48499pt
* \textheight=650.43pt
* \oddsidemargin=36.13501pt
* \evensidemargin=36.13501pt
* \topmargin=-37.0pt
* \headheight=12.0pt
* \headsep=25.0pt
* \topskip=10.0pt
* \footskip=30.0pt
* \marginparwidth=65.0pt
* \marginparsep=11.0pt
* \columnsep=10.0pt
* \skip\footins=9.0pt plus 4.0pt minus 2.0pt
* \hoffset=0.0pt
* \voffset=0.0pt
* \mag=1000
* \@twocolumnfalse
* \@twosidefalse
* \@mparswitchfalse
* \@reversemarginfalse
* (1in=72.27pt=25.4mm, 1cm=28.453pt)

\c@lstlisting=\count306
Package caption Info: Begin \AtBeginDocument code.
Package caption Info: End \AtBeginDocument code.
LaTeX Font Info:    Trying to load font information for U+msa on input line 63.

(/usr/local/texlive/2021/texmf-dist/tex/latex/amsfonts/umsa.fd
File: umsa.fd 2013/01/14 v3.01 AMS symbols A
)
LaTeX Font Info:    Trying to load font information for U+msb on input line 63.


(/usr/local/texlive/2021/texmf-dist/tex/latex/amsfonts/umsb.fd
File: umsb.fd 2013/01/14 v3.01 AMS symbols B
)
LaTeX Font Info:    Trying to load font information for U+lasy on input line 63
.

(/usr/local/texlive/2021/texmf-dist/tex/latex/base/ulasy.fd
File: ulasy.fd 1998/08/17 v2.2e LaTeX symbol font definitions
)
Underfull \hbox (badness 10000) in paragraph at lines 79--81

 []


Underfull \hbox (badness 1057) in paragraph at lines 79--81
\OT1/ptm/m/it/10 This en-vi-ron-ment cor-re-sponds to the ver-sion of the cart-
pole prob-lem de-scribed by Barto,
 []

<../data/images/cart.png, id=83, 755.82375pt x 654.445pt>
File: ../data/images/cart.png Graphic file (type png)
<use ../data/images/cart.png>
Package pdftex.def Info: ../data/images/cart.png  used on input line 84.
(pdftex.def)             Requested size: 198.7425pt x 172.07898pt.
[1


{/usr/local/texlive/2021/texmf-var/fonts/map/pdftex/updmap/pdftex.map} <../data
/images/cart.png>]
<../data/images/vector.png, id=98, 447.6725pt x 490.83376pt>
File: ../data/images/vector.png Graphic file (type png)
<use ../data/images/vector.png>
Package pdftex.def Info: ../data/images/vector.png  used on input line 94.
(pdftex.def)             Requested size: 79.49577pt x 87.15543pt.
LaTeX Font Info:    Trying to load font information for TS1+ptm on input line 1
01.

(/usr/local/texlive/2021/texmf-dist/tex/latex/psnfss/ts1ptm.fd
File: ts1ptm.fd 2001/06/04 font definitions for TS1/ptm.
)
<../data/images/Q-learning-8.png, id=99, 1405.25pt x 473.77pt>
File: ../data/images/Q-learning-8.png Graphic file (type png)
<use ../data/images/Q-learning-8.png>
Package pdftex.def Info: ../data/images/Q-learning-8.png  used on input line 11
4.
(pdftex.def)             Requested size: 198.7425pt x 66.99965pt.
 [2 <../data/images/vector.png> <../data/images/Q-learning-8.png (PNG copy)>]

Package hyperref Warning: Token not allowed in a PDF string (Unicode):
(hyperref)                removing `math shift' on input line 130.


Package hyperref Warning: Token not allowed in a PDF string (Unicode):
(hyperref)                removing `\epsilon' on input line 130.


Package hyperref Warning: Token not allowed in a PDF string (Unicode):
(hyperref)                removing `math shift' on input line 130.

<../data/images/exp_e.png, id=109, 344.28625pt x 397.485pt>
File: ../data/images/exp_e.png Graphic file (type png)
<use ../data/images/exp_e.png>
Package pdftex.def Info: ../data/images/exp_e.png  used on input line 139.
(pdftex.def)             Requested size: 119.2467pt x 137.67226pt.

Underfull \hbox (badness 10000) in paragraph at lines 153--154

 []

[3 <../data/images/exp_e.png>]

Package hyperref Warning: Token not allowed in a PDF string (Unicode):
(hyperref)                removing `math shift' on input line 161.


Package hyperref Warning: Token not allowed in a PDF string (Unicode):
(hyperref)                removing `\epsilon' on input line 161.


Package hyperref Warning: Token not allowed in a PDF string (Unicode):
(hyperref)                removing `math shift' on input line 161.

<../data/plot/q_learning_constant_0.2.png, id=124, 462.528pt x 346.896pt>
File: ../data/plot/q_learning_constant_0.2.png Graphic file (type png)
<use ../data/plot/q_learning_constant_0.2.png>
Package pdftex.def Info: ../data/plot/q_learning_constant_0.2.png  used on inpu
t line 179.
(pdftex.def)             Requested size: 198.7425pt x 149.0565pt.
<../data/plot/q_learning_GLIE.png, id=125, 462.528pt x 346.896pt>
File: ../data/plot/q_learning_GLIE.png Graphic file (type png)
<use ../data/plot/q_learning_GLIE.png>
Package pdftex.def Info: ../data/plot/q_learning_GLIE.png  used on input line 1
86.
(pdftex.def)             Requested size: 198.7425pt x 149.0565pt.

Underfull \vbox (badness 5771) has occurred while \output is active []

 [4 <../data/plot/q_learning_constant_0.2.png> <../data/plot/q_learning_GLIE.pn
g>]
<../data/plot/heatmap_initial_training_constant_0.2.png, id=139, 578.16pt x 433
.62pt>
File: ../data/plot/heatmap_initial_training_constant_0.2.png Graphic file (type
 png)
<use ../data/plot/heatmap_initial_training_constant_0.2.png>
Package pdftex.def Info: ../data/plot/heatmap_initial_training_constant_0.2.png
  used on input line 202.
(pdftex.def)             Requested size: 148.38603pt x 111.2953pt.
<../data/plot/heatmap_initial_training_glie.png, id=140, 578.16pt x 433.62pt>
File: ../data/plot/heatmap_initial_training_glie.png Graphic file (type png)
<use ../data/plot/heatmap_initial_training_glie.png>
Package pdftex.def Info: ../data/plot/heatmap_initial_training_glie.png  used o
n input line 209.
(pdftex.def)             Requested size: 148.38603pt x 111.2953pt.
 [5 <../data/plot/heatmap_initial_training_constant_0.2.png> <../data/plot/heat
map_initial_training_glie.png>]
<../data/plot/heatmap_after_one_episode_constant_0.2.png, id=153, 578.16pt x 43
3.62pt>
File: ../data/plot/heatmap_after_one_episode_constant_0.2.png Graphic file (typ
e png)
<use ../data/plot/heatmap_after_one_episode_constant_0.2.png>
Package pdftex.def Info: ../data/plot/heatmap_after_one_episode_constant_0.2.pn
g  used on input line 224.
(pdftex.def)             Requested size: 148.38603pt x 111.2953pt.
<../data/plot/heatmap_after_one_episode_glie.png, id=154, 578.16pt x 433.62pt>
File: ../data/plot/heatmap_after_one_episode_glie.png Graphic file (type png)
<use ../data/plot/heatmap_after_one_episode_glie.png>
Package pdftex.def Info: ../data/plot/heatmap_after_one_episode_glie.png  used 
on input line 231.
(pdftex.def)             Requested size: 148.38603pt x 111.2953pt.
 [6 <../data/plot/heatmap_after_one_episode_constant_0.2.png> <../data/plot/hea
tmap_after_one_episode_glie.png>]
<../data/plot/heatmap_halfway_constant_0.2.png, id=167, 578.16pt x 433.62pt>
File: ../data/plot/heatmap_halfway_constant_0.2.png Graphic file (type png)
<use ../data/plot/heatmap_halfway_constant_0.2.png>
Package pdftex.def Info: ../data/plot/heatmap_halfway_constant_0.2.png  used on
 input line 243.
(pdftex.def)             Requested size: 148.38603pt x 111.2953pt.
<../data/plot/heatmap_halfway_GLIE.png, id=168, 578.16pt x 433.62pt>
File: ../data/plot/heatmap_halfway_GLIE.png Graphic file (type png)
<use ../data/plot/heatmap_halfway_GLIE.png>
Package pdftex.def Info: ../data/plot/heatmap_halfway_GLIE.png  used on input l
ine 250.
(pdftex.def)             Requested size: 148.38603pt x 111.2953pt.
<../data/plot/heatmap_full_training_constant_0.2.png, id=173, 578.16pt x 433.62
pt>
File: ../data/plot/heatmap_full_training_constant_0.2.png Graphic file (type pn
g)
<use ../data/plot/heatmap_full_training_constant_0.2.png>
Package pdftex.def Info: ../data/plot/heatmap_full_training_constant_0.2.png  u
sed on input line 259.
(pdftex.def)             Requested size: 148.38603pt x 111.2953pt.
<../data/plot/heatmap_full_training_GLIE.png, id=174, 578.16pt x 433.62pt>
File: ../data/plot/heatmap_full_training_GLIE.png Graphic file (type png)
<use ../data/plot/heatmap_full_training_GLIE.png>
Package pdftex.def Info: ../data/plot/heatmap_full_training_GLIE.png  used on i
nput line 266.
(pdftex.def)             Requested size: 148.38603pt x 111.2953pt.


LaTeX Warning: `h' float specifier changed to `ht'.

[7 <../data/plot/heatmap_halfway_constant_0.2.png> <../data/plot/heatmap_halfwa
y_GLIE.png> <../data/plot/heatmap_full_training_constant_0.2.png>]
<../data/plot/heatmap_full_training_zero_epsilon.png, id=192, 578.16pt x 433.62
pt>
File: ../data/plot/heatmap_full_training_zero_epsilon.png Graphic file (type pn
g)
<use ../data/plot/heatmap_full_training_zero_epsilon.png>
Package pdftex.def Info: ../data/plot/heatmap_full_training_zero_epsilon.png  u
sed on input line 293.
(pdftex.def)             Requested size: 148.38603pt x 111.2953pt.


LaTeX Warning: `h' float specifier changed to `ht'.

<../data/plot/heatmap_full_training_zero_epsilon_fifty_initial.png, id=193, 578
.16pt x 433.62pt>
File: ../data/plot/heatmap_full_training_zero_epsilon_fifty_initial.png Graphic
 file (type png)
<use ../data/plot/heatmap_full_training_zero_epsilon_fifty_initial.png>
Package pdftex.def Info: ../data/plot/heatmap_full_training_zero_epsilon_fifty_
initial.png  used on input line 300.
(pdftex.def)             Requested size: 148.38603pt x 111.2953pt.

LaTeX Warning: `h' float specifier changed to `ht'.

<../data/plot/q_learning_zero_epsilon.png, id=194, 462.528pt x 346.896pt>
File: ../data/plot/q_learning_zero_epsilon.png Graphic file (type png)
<use ../data/plot/q_learning_zero_epsilon.png>
Package pdftex.def Info: ../data/plot/q_learning_zero_epsilon.png  used on inpu
t line 307.
(pdftex.def)             Requested size: 148.39308pt x 111.2953pt.

LaTeX Warning: `h' float specifier changed to `ht'.

<../data/plot/q_learning_zero_epsilon_fifty_initial.png, id=195, 462.528pt x 34
6.896pt>
File: ../data/plot/q_learning_zero_epsilon_fifty_initial.png Graphic file (type
 png)
<use ../data/plot/q_learning_zero_epsilon_fifty_initial.png>
Package pdftex.def Info: ../data/plot/q_learning_zero_epsilon_fifty_initial.png
  used on input line 315.
(pdftex.def)             Requested size: 148.39308pt x 111.2953pt.

LaTeX Warning: `h' float specifier changed to `ht'.

[8 <../data/plot/heatmap_full_training_GLIE.png>] (./example.bbl
Underfull \vbox (badness 4713) has occurred while \output is active []

 [9 <../data/plot/heatmap_full_training_zero_epsilon.png> <../data/plot/heatmap
_full_training_zero_epsilon_fifty_initial.png>]) [10 <../data/plot/q_learning_z
ero_epsilon.png> <../data/plot/q_learning_zero_epsilon_fifty_initial.png>] (./e
xample.aux)

LaTeX Warning: There were multiply-defined labels.

Package rerunfilecheck Info: File `example.out' has not changed.
(rerunfilecheck)             Checksum: 71F1774F9E2CE4362ECC4F2A567C6655;3085.
 ) 
Here is how much of TeX's memory you used:
 12887 strings out of 478994
 195042 string characters out of 5858184
 496653 words of memory out of 5000000
 30125 multiletter control sequences out of 15000+600000
 416675 words of font info for 54 fonts, out of 8000000 for 9000
 1141 hyphenation exceptions out of 8191
 86i,8n,88p,603b,368s stack positions out of 5000i,500n,10000p,200000b,80000s
{/usr/local/texlive/2021/texmf-dist/fonts/enc/dvips/base/8r.enc}</usr/local/t
exlive/2021/texmf-dist/fonts/type1/public/amsfonts/cm/cmmi10.pfb></usr/local/te
xlive/2021/texmf-dist/fonts/type1/public/amsfonts/cm/cmmi7.pfb></usr/local/texl
ive/2021/texmf-dist/fonts/type1/public/amsfonts/cm/cmr10.pfb></usr/local/texliv
e/2021/texmf-dist/fonts/type1/public/amsfonts/cm/cmtt10.pfb></usr/local/texlive
/2021/texmf-dist/fonts/type1/urw/times/utmb8a.pfb></usr/local/texlive/2021/texm
f-dist/fonts/type1/urw/times/utmr8a.pfb></usr/local/texlive/2021/texmf-dist/fon
ts/type1/urw/times/utmri8a.pfb>
Output written on example.pdf (10 pages, 790696 bytes).
PDF statistics:
 266 PDF objects out of 1000 (max. 8388607)
 203 compressed objects within 3 object streams
 54 named destinations out of 1000 (max. 500000)
 243 words of extra memory for PDF output out of 10000 (max. 10000000)

